<?xml version="1.0" encoding="UTF-8" ?>
<testsuite errors="0" failures="0" hostname="Yves-PC" name="TestTry.ConnectSqlTest" tests="30" time="1.468" timestamp="2011-05-11T16:45:46">
  <properties>
    <property name="java.vendor" value="Sun Microsystems Inc." />
    <property name="sun.java.launcher" value="SUN_STANDARD" />
    <property name="eclipse.pdebuild.templates" value="/E:/eclipse/plugins/org.eclipse.pde.build_3.5.0.v20090527-1800/templates/" />
    <property name="sun.management.compiler" value="HotSpot Client Compiler" />
    <property name="env.PROMPT" value="$P$G" />
    <property name="os.name" value="Windows 7" />
    <property name="env.FP_NO_HOST_CHECK" value="NO" />
    <property name="sun.boot.class.path" value="C:\Program Files\Java\jre6\lib\resources.jar;C:\Program Files\Java\jre6\lib\rt.jar;C:\Program Files\Java\jre6\lib\sunrsasign.jar;C:\Program Files\Java\jre6\lib\jsse.jar;C:\Program Files\Java\jre6\lib\jce.jar;C:\Program Files\Java\jre6\lib\charsets.jar;C:\Program Files\Java\jre6\lib\modules\jdk.boot.jar;C:\Program Files\Java\jre6\classes" />
    <property name="env.COMPUTERNAME" value="YVES-PC" />
    <property name="env.ALLUSERSPROFILE" value="C:\ProgramData" />
    <property name="sun.desktop" value="windows" />
    <property name="java.vm.specification.vendor" value="Sun Microsystems Inc." />
    <property name="ant.home" value="E:\eclipse\plugins\org.apache.ant_1.7.1.v20090120-1145" />
    <property name="java.runtime.version" value="1.6.0_24-b07" />
    <property name="env.HOMEPATH" value="\Users\computer" />
    <property name="env.TPCCommon" value="C:\PROGRA~1\THINKV~1\PrdCtr" />
    <property name="user.name" value="computer" />
    <property name="env.QTJAVA" value="C:\Program Files\Java\jre6\lib\ext\QTJava.zip" />
    <property name="user.language" value="zh" />
    <property name="sun.boot.library.path" value="C:\Program Files\Java\jre6\bin" />
    <property name="ant.project.name" value="Equipment Booking" />
    <property name="java.version" value="1.6.0_24" />
    <property name="env.PROCESSOR_IDENTIFIER" value="x86 Family 6 Model 23 Stepping 6, GenuineIntel" />
    <property name="user.timezone" value="" />
    <property name="env.asl.log" value="Destination=file;OnFirstLog=command,environment,parent" />
    <property name="env.TEMP" value="C:\Users\computer\AppData\Local\Temp" />
    <property name="sun.arch.data.model" value="32" />
    <property name="java.endorsed.dirs" value="C:\Program Files\Java\jre6\lib\endorsed" />
    <property name="sun.cpu.isalist" value="pentium_pro+mmx pentium_pro pentium+mmx pentium i486 i386 i86" />
    <property name="env.HOMEDRIVE" value="C:" />
    <property name="sun.jnu.encoding" value="GBK" />
    <property name="file.encoding.pkg" value="sun.io" />
    <property name="ECLIPSE_HOME" value="E:/eclipse" />
    <property name="file.separator" value="\" />
    <property name="java.specification.name" value="Java Platform API Specification" />
    <property name="java.class.version" value="50.0" />
    <property name="user.country" value="CN" />
    <property name="java.home" value="C:\Program Files\Java\jre6" />
    <property name="env.PSModulePath" value="C:\Windows\system32\WindowsPowerShell\v1.0\Modules\" />
    <property name="env.APPDATA" value="C:\Users\computer\AppData\Roaming" />
    <property name="env.PUBLIC" value="C:\Users\Public" />
    <property name="ant.file.Equipment Booking" value="C:\Users\computer\Desktop\Equipment Booking\Equipment Booking\Equipment Booking\Equipment Booking\build.xml" />
    <property name="java.vm.info" value="mixed mode, sharing" />
    <property name="env.ComSpec" value="C:\Windows\system32\cmd.exe" />
    <property name="env.OS" value="Windows_NT" />
    <property name="env.CommonProgramFiles" value="C:\Program Files\Common Files" />
    <property name="ant.file" value="C:\Users\computer\Desktop\Equipment Booking\Equipment Booking\Equipment Booking\Equipment Booking\build.xml" />
    <property name="os.version" value="6.1" />
    <property name="env.configsetroot" value="C:\Windows\ConfigSetRoot" />
    <property name="path.separator" value=";" />
    <property name="java.vm.version" value="19.1-b02" />
    <property name="env.USERPROFILE" value="C:\Users\computer" />
    <property name="user.variant" value="" />
    <property name="ant.library.dir" value="E:\eclipse\plugins\org.apache.ant_1.7.1.v20090120-1145\lib" />
    <property name="junit.output.dir" value="junit" />
    <property name="env.JAVA_HOME" value="C:\Program Files\Java\jdk1.6.0_24" />
    <property name="java.awt.printerjob" value="sun.awt.windows.WPrinterJob" />
    <property name="env.TMP" value="C:\Users\computer\AppData\Local\Temp" />
    <property name="sun.io.unicode.encoding" value="UnicodeLittle" />
    <property name="awt.toolkit" value="sun.awt.windows.WToolkit" />
    <property name="eclipse.pdebuild.scripts" value="/E:/eclipse/plugins/org.eclipse.pde.build_3.5.0.v20090527-1800/scripts/" />
    <property name="user.home" value="C:\Users\computer" />
    <property name="target" value="1.6" />
    <property name="env.ProgramData" value="C:\ProgramData" />
    <property name="env.SESSIONNAME" value="Console" />
    <property name="java.specification.vendor" value="Sun Microsystems Inc." />
    <property name="env.CLASSPATH" value=".;C:\Program Files\Java\jdk1.6.0_24\lib;C:\Program Files\Java\jdk1.6.0_24\lib\dt.jar;%JAVA_HOM E%\lib\tools.jar;C:\Program Files\Java\jre6\lib\ext\QTJava.zip" />
    <property name="env.NUMBER_OF_PROCESSORS" value="2" />
    <property name="java.library.path" value="C:\Program Files\Java\jre6\bin;.;C:\Windows\Sun\Java\bin;C:\Windows\system32;C:\Windows;C:/Program Files/Java/jdk1.6.0_24/bin/../jre/bin/client;C:/Program Files/Java/jdk1.6.0_24/bin/../jre/bin;C:\Program Files\Java\jdk1.6.0_24\bin;C:\Windows\system32;C:\Windows;C:\Windows\System32\Wbem;C:\Program Files\ThinkPad\ConnectUtilities\;C:\Program Files\ATI Technologies\ATI.ACE\Core-Static;C:\Program Files\Common Files\Adobe\AGL;C:\Program Files\Common Files\Thunder Network\KanKan\Codecs;C:\Windows\System32\WindowsPowerShell\v1.0\;C:\Program Files\Intel\WiFi\bin\;c:\Program Files\Microsoft SQL Server\100\Tools\Binn\;c:\Program Files\Microsoft SQL Server\100\DTS\Binn\;C:\Program Files\ICBCEbankTools\Gemplus\GemSafe Libraries\BIN\;C:\Program Files\MySQL\MySQL Server 5.5\bin;C:\Program Files\Microsoft SQL Server\80\Tools\BINN;C:\Program Files\QuickTime\QTSystem\;" />
    <property name="java.vendor.url" value="http://java.sun.com/" />
    <property name="java.vm.vendor" value="Sun Microsystems Inc." />
    <property name="java.runtime.name" value="Java(TM) SE Runtime Environment" />
    <property name="ant.version" value="Apache Ant version 1.7.1 compiled on June 27 2008" />
    <property name="java.class.path" value="C:\Users\computer\Desktop\Equipment Booking\Equipment Booking\Equipment Booking\Equipment Booking\build\classes;C:\Users\computer\Desktop\Equipment Booking\Equipment Booking\Equipment Booking\Equipment Booking\WebContent\WEB-INF\lib\jxl.jar;C:\Users\computer\Desktop\Equipment Booking\Equipment Booking\Equipment Booking\Equipment Booking\WebContent\WEB-INF\lib\mysql-connector-java-5.1.6-bin.jar;C:\Users\computer\Desktop\Equipment Booking\Equipment Booking\Equipment Booking\Equipment Booking\WebContent\WEB-INF\lib\servlet-api.jar;E:\eclipse\plugins\org.junit_3.8.2.v20090203-1005\junit.jar;C:\Users\computer\Desktop\Equipment Booking\Equipment Booking\Equipment Booking\Equipment Booking;C:\Program Files\Java\jdk1.6.0_24\lib;C:\Program Files\Java\jdk1.6.0_24\lib\dt.jar;C:\Program Files\Java\jre6\lib\ext\QTJava.zip;E:\eclipse\plugins\org.apache.ant_1.7.1.v20090120-1145\lib\ant-launcher.jar;E:\eclipse\plugins\org.apache.ant_1.7.1.v20090120-1145\lib\ant.jar;E:\eclipse\plugins\org.apache.ant_1.7.1.v20090120-1145\lib\ant-junit.jar" />
    <property name="java.vm.specification.name" value="Java Virtual Machine Specification" />
    <property name="env.windir" value="C:\Windows" />
    <property name="env.LOGONSERVER" value="\\YVES-PC" />
    <property name="java.vm.specification.version" value="1.0" />
    <property name="env.PROCESSOR_ARCHITECTURE" value="x86" />
    <property name="sun.cpu.endian" value="little" />
    <property name="sun.os.patch.level" value="" />
    <property name="debuglevel" value="source,lines,vars" />
    <property name="env.ANT_HOME" value="E:\eclipse\plugins\org.apache.ant_1.7.1.v20090120-1145" />
    <property name="env.ProgramFiles" value="C:\Program Files" />
    <property name="java.io.tmpdir" value="C:\Users\computer\AppData\Local\Temp\" />
    <property name="eclipse.pdebuild.home" value="/E:/eclipse/plugins/org.eclipse.pde.build_3.5.0.v20090527-1800/./" />
    <property name="env.PROCESSOR_REVISION" value="1706" />
    <property name="java.vendor.url.bug" value="http://java.sun.com/cgi-bin/bugreport.cgi" />
    <property name="env.SystemRoot" value="C:\Windows" />
    <property name="os.arch" value="x86" />
    <property name="java.awt.graphicsenv" value="sun.awt.Win32GraphicsEnvironment" />
    <property name="java.ext.dirs" value="C:\Program Files\Java\jre6\lib\ext;C:\Windows\Sun\Java\lib\ext" />
    <property name="user.dir" value="C:\Users\computer\Desktop\Equipment Booking\Equipment Booking\Equipment Booking\Equipment Booking" />
    <property name="env.LOCALAPPDATA" value="C:\Users\computer\AppData\Local" />
    <property name="line.separator" value="
" />
    <property name="java.vm.name" value="Java HotSpot(TM) Client VM" />
    <property name="env.PATHEXT" value=".COM;.EXE;.BAT;.CMD;.VBS;.VBE;.JS;.JSE;.WSF;.WSH;.MSC" />
    <property name="env.Path" value="C:/Program Files/Java/jdk1.6.0_24/bin/../jre/bin/client;C:/Program Files/Java/jdk1.6.0_24/bin/../jre/bin;C:\Program Files\Java\jdk1.6.0_24\bin;C:\Windows\system32;C:\Windows;C:\Windows\System32\Wbem;C:\Program Files\ThinkPad\ConnectUtilities\;C:\Program Files\ATI Technologies\ATI.ACE\Core-Static;C:\Program Files\Common Files\Adobe\AGL;C:\Program Files\Common Files\Thunder Network\KanKan\Codecs;C:\Windows\System32\WindowsPowerShell\v1.0\;C:\Program Files\Intel\WiFi\bin\;c:\Program Files\Microsoft SQL Server\100\Tools\Binn\;c:\Program Files\Microsoft SQL Server\100\DTS\Binn\;C:\Program Files\ICBCEbankTools\Gemplus\GemSafe Libraries\BIN\;C:\Program Files\MySQL\MySQL Server 5.5\bin;C:\Program Files\Microsoft SQL Server\80\Tools\BINN;C:\Program Files\QuickTime\QTSystem\;" />
    <property name="basedir" value="C:\Users\computer\Desktop\Equipment Booking\Equipment Booking\Equipment Booking\Equipment Booking" />
    <property name="ant.java.version" value="1.6" />
    <property name="ant.core.lib" value="E:\eclipse\plugins\org.apache.ant_1.7.1.v20090120-1145\lib\ant.jar" />
    <property name="env.USERNAME" value="computer" />
    <property name="source" value="1.6" />
    <property name="env.SystemDrive" value="C:" />
    <property name="file.encoding" value="GBK" />
    <property name="env.USERDOMAIN" value="YVES-PC" />
    <property name="java.specification.version" value="1.6" />
    <property name="env.PROCESSOR_LEVEL" value="6" />
  </properties>
  <testcase classname="TestTry.ConnectSqlTest" name="testOpenConnection" time="0.526" />
  <testcase classname="TestTry.ConnectSqlTest" name="testCloseConnection" time="0.0" />
  <testcase classname="TestTry.ConnectSqlTest" name="testUpdateUserInfo" time="0.0" />
  <testcase classname="TestTry.ConnectSqlTest" name="testSelectInfo" time="0.054" />
  <testcase classname="TestTry.ConnectSqlTest" name="testSelectRecord" time="0.029" />
  <testcase classname="TestTry.ConnectSqlTest" name="testSelectEquipmentString" time="0.04" />
  <testcase classname="TestTry.ConnectSqlTest" name="testSubstractEquipStringStringStringIntInt" time="0.0" />
  <testcase classname="TestTry.ConnectSqlTest" name="testModifyInfo" time="0.0" />
  <testcase classname="TestTry.ConnectSqlTest" name="testSelectMID" time="0.034" />
  <testcase classname="TestTry.ConnectSqlTest" name="testSelectSID" time="0.032" />
  <testcase classname="TestTry.ConnectSqlTest" name="testSelectid" time="0.028" />
  <testcase classname="TestTry.ConnectSqlTest" name="testSelectAll" time="0.0010" />
  <testcase classname="TestTry.ConnectSqlTest" name="testAddEquipment" time="0.0" />
  <testcase classname="TestTry.ConnectSqlTest" name="testInsertTemp" time="0.0010" />
  <testcase classname="TestTry.ConnectSqlTest" name="testTruncateTemp" time="0.0" />
  <testcase classname="TestTry.ConnectSqlTest" name="testSelectEquipmentStringString" time="0.0010" />
  <testcase classname="TestTry.ConnectSqlTest" name="testShowEquipment" time="0.0" />
  <testcase classname="TestTry.ConnectSqlTest" name="testShowEquipmentTemp" time="0.0010" />
  <testcase classname="TestTry.ConnectSqlTest" name="testSelectCredit" time="0.013" />
  <testcase classname="TestTry.ConnectSqlTest" name="testSelectRecord2" time="0.0010" />
  <testcase classname="TestTry.ConnectSqlTest" name="testReturn" time="0.0" />
  <testcase classname="TestTry.ConnectSqlTest" name="testSelectEquipment1" time="0.021" />
  <testcase classname="TestTry.ConnectSqlTest" name="testSelectDepartment" time="0.012" />
  <testcase classname="TestTry.ConnectSqlTest" name="testSubstractEquipStringStringStringInt" time="0.0010" />
  <testcase classname="TestTry.ConnectSqlTest" name="testModifyAmount" time="0.0" />
  <testcase classname="TestTry.ConnectSqlTest" name="testModifyInfo2" time="0.0" />
  <testcase classname="TestTry.ConnectSqlTest" name="testDeleteEquipment" time="0.0010" />
  <testcase classname="TestTry.ConnectSqlTest" name="testSelectDeleteInfo" time="0.0" />
  <testcase classname="TestTry.ConnectSqlTest" name="testDeleteBookingInfo" time="0.0010" />
  <testcase classname="TestTry.ConnectSqlTest" name="testJudgeExist" time="0.012" />
  <system-out><![CDATA[]]></system-out>
  <system-err><![CDATA[]]></system-err>
</testsuite>
